<?xml version="1.0" encoding="UTF-8"?>
<!-- Generated by org.testng.reporters.JUnitXMLReporter -->
<testsuite ignored="0" hostname="SIDMUKHE-IN" failures="0" tests="6" name="Default test" time="0.089" errors="0" timestamp="02 Aug 2019 16:49:59 GMT">
  <testcase classname="com.sidmukhe.maventest.PracticeDependentTestCase" name="driveScooty" time="0.014"/>
  <testcase classname="com.sidmukhe.maventest.PracticeDependentTestCase" name="driveSedanCar" time="0.013"/>
  <testcase classname="com.sidmukhe.maventest.PracticeDependentTestCase" name="driveAccess125" time="0.001"/>
  <testcase classname="com.sidmukhe.maventest.PracticeDependentTestCase" name="driveActiva5G" time="0.002"/>
  <testcase classname="com.sidmukhe.maventest.PracticeDependentTestCase" name="driveHondaAccord" time="0.001"/>
  <testcase classname="com.sidmukhe.maventest.PracticeDependentTestCase" name="driveToyotaCorolla" time="0.003"/>
</testsuite> <!-- Default test -->
