<?xml version="1.0" encoding="UTF-8"?>
<!-- Generated by org.testng.reporters.JUnitXMLReporter -->
<testsuite hostname="SIDMUKHE-IN" failures="0" tests="26" name="LISTNER TEST" time="3.077" errors="0" timestamp="2 Aug 2019 18:44:40 GMT">
  <testcase classname="com.sidmukhe.maventest.ParallelTest" name="driveHondaAccord" time="0.0"/>
  <testcase classname="com.sidmukhe.maventest.ParallelTest" name="driveToyotaCorolla" time="3.001"/>
  <testcase classname="com.sidmukhe.maventest.ParallelTest2" name="driveHondaAccord" time="0.001"/>
  <testcase classname="com.sidmukhe.maventest.ParallelTest2" name="driveToyotaCorolla" time="0.001"/>
  <testcase classname="com.sidmukhe.maventest.PracticeDependentTestCase" name="driveScooty" time="0.001"/>
  <testcase classname="com.sidmukhe.maventest.PracticeDependentTestCase" name="driveSedanCar" time="0.007"/>
  <testcase classname="com.sidmukhe.maventest.PracticeDependentTestCase" name="driveAccess125" time="0.001"/>
  <testcase classname="com.sidmukhe.maventest.PracticeDependentTestCase" name="driveActiva5G" time="0.001"/>
  <testcase classname="com.sidmukhe.maventest.PracticeDependentTestCase" name="driveHondaAccord" time="0.001"/>
  <testcase classname="com.sidmukhe.maventest.PracticeDependentTestCase" name="driveToyotaCorolla" time="0.0"/>
  <testcase classname="com.sidmukhe.maventest.Practiceenabled" name="printStringmessage" time="0.008"/>
  <testcase classname="com.sidmukhe.maventest.PracticeITestResult_Demo" name="firstOne" time="0.0"/>
  <testcase classname="com.sidmukhe.maventest.PracticeITestResult_Demo" name="secondOne" time="0.001"/>
  <testcase classname="com.sidmukhe.maventest.PracticesoftAssert" name="sumofInt" time="0.0"/>
  <testcase classname="com.sidmukhe.maventest.PracticetestngGroups" name="driveAccess125" time="0.001"/>
  <testcase classname="com.sidmukhe.maventest.PracticetestngGroups" name="driveActiva5G" time="0.0"/>
  <testcase classname="com.sidmukhe.maventest.PracticetestngGroups" name="driveHondaAccord" time="0.0"/>
  <testcase classname="com.sidmukhe.maventest.PracticetestngGroups" name="driveToyotaCorolla" time="0.001"/>
  <testcase classname="com.sidmukhe.maventest.PracticeTestNGListners" name="testMethodOne" time="0.004"/>
  <testcase classname="com.sidmukhe.maventest.PracticeTestNGListners" name="testMethodTwo" time="0.0"/>
  <testcase classname="com.sidmukhe.maventest.PracticeTestNGListners2" name="testMethodOne" time="0.0"/>
  <testcase classname="com.sidmukhe.maventest.PracticeTestNGListners2" name="testMethodTwo" time="0.0"/>
  <testcase classname="com.sidmukhe.maventest.PracticeTestNGListners3" name="testMethodOne" time="0.001"/>
  <testcase classname="com.sidmukhe.maventest.PracticeTestNGListners3" name="testMethodTwo" time="0.0"/>
  <testcase classname="com.sidmukhe.maventest.PracticeTimeout" name="driveAccess125" time="0.018"/>
  <testcase classname="com.sidmukhe.maventest.RetryAnalyzertest" name="checkRetryTest" time="0.0"/>
</testsuite> <!-- LISTNER TEST -->
