<?xml version="1.0" encoding="UTF-8"?>
<testng-results total="1" passed="1" failed="0" skipped="0">
  <reporter-output>
  </reporter-output>
  <suite started-at="2019-07-31T05:55:32Z" name="SomeTests" finished-at="2019-07-31T05:56:28Z" duration-ms="56573">
    <groups>
    </groups>
    <test started-at="2019-07-31T05:55:32Z" name="Smoke Test" finished-at="2019-07-31T05:56:28Z" duration-ms="56573">
      <class name="pomSetup.SearchFlightPage">
        <test-method is-config="true" signature="intialize()[pri:0, instance:pomSetup.SearchFlightPage@3e77a1ed]" started-at="2019-07-31T11:25:32Z" name="intialize" finished-at="2019-07-31T11:26:15Z" duration-ms="42667" status="PASS">
          <reporter-output>
          </reporter-output>
        </test-method> <!-- intialize -->
        <test-method signature="searchFlight()[pri:0, instance:pomSetup.SearchFlightPage@3e77a1ed]" started-at="2019-07-31T11:26:15Z" name="searchFlight" finished-at="2019-07-31T11:26:28Z" duration-ms="13894" status="PASS">
          <reporter-output>
          </reporter-output>
        </test-method> <!-- searchFlight -->
      </class> <!-- pomSetup.SearchFlightPage -->
    </test> <!-- Smoke Test -->
  </suite> <!-- SomeTests -->
</testng-results>
