<?xml version="1.0" encoding="UTF-8"?>
<testng-results ignored="0" total="1" passed="1" failed="0" skipped="0">
  <reporter-output>
  </reporter-output>
  <suite started-at="2019-08-02T20:03:50Z" name="Default suite" finished-at="2019-08-02T20:04:46Z" duration-ms="55602">
    <groups>
    </groups>
    <test started-at="2019-08-02T20:03:50Z" name="Default test" finished-at="2019-08-02T20:04:46Z" duration-ms="55602">
      <class name="pomSetup.SearchFlightPage">
        <test-method is-config="true" signature="intialize()[pri:0, instance:pomSetup.SearchFlightPage@3a079870]" started-at="2019-08-02T20:03:50Z" name="intialize" finished-at="2019-08-02T20:04:33Z" duration-ms="43153" status="PASS">
          <reporter-output>
          </reporter-output>
        </test-method> <!-- intialize -->
        <test-method signature="searchFlight(java.lang.String, java.lang.String, java.lang.String, java.lang.String)[pri:0, instance:pomSetup.SearchFlightPage@3a079870]" started-at="2019-08-02T20:04:33Z" name="searchFlight" data-provider="getData" finished-at="2019-08-02T20:04:46Z" duration-ms="12405" status="PASS">
          <params>
            <param index="0">
              <value>
                <![CDATA[Hyderabad]]>
              </value>
            </param>
            <param index="1">
              <value>
                <![CDATA[New York]]>
              </value>
            </param>
            <param index="2">
              <value>
                <![CDATA[01/01/2020]]>
              </value>
            </param>
            <param index="3">
              <value>
                <![CDATA[01/01/2020]]>
              </value>
            </param>
          </params>
          <reporter-output>
          </reporter-output>
        </test-method> <!-- searchFlight -->
      </class> <!-- pomSetup.SearchFlightPage -->
    </test> <!-- Default test -->
  </suite> <!-- Default suite -->
</testng-results>
