<?xml version="1.0" encoding="UTF-8"?>
<testng-results ignored="0" total="1" passed="1" failed="0" skipped="0">
  <reporter-output>
  </reporter-output>
  <suite started-at="2019-07-31T05:49:23Z" name="SomeTests" finished-at="2019-07-31T05:50:15Z" duration-ms="51758">
    <groups>
    </groups>
    <test started-at="2019-07-31T05:49:23Z" name="Smoke Test" finished-at="2019-07-31T05:50:15Z" duration-ms="51758">
      <class name="pomSetup.SearchFlightPage">
        <test-method is-config="true" signature="intialize()[pri:0, instance:pomSetup.SearchFlightPage@327b636c]" started-at="2019-07-31T05:49:23Z" name="intialize" finished-at="2019-07-31T05:50:07Z" duration-ms="43454" status="PASS">
          <reporter-output>
          </reporter-output>
        </test-method> <!-- intialize -->
        <test-method signature="searchFlight()[pri:0, instance:pomSetup.SearchFlightPage@327b636c]" started-at="2019-07-31T05:50:07Z" name="searchFlight" finished-at="2019-07-31T05:50:15Z" duration-ms="8261" status="PASS">
          <reporter-output>
          </reporter-output>
        </test-method> <!-- searchFlight -->
      </class> <!-- pomSetup.SearchFlightPage -->
    </test> <!-- Smoke Test -->
  </suite> <!-- SomeTests -->
</testng-results>
